Added Component: Designator=C1(0603)
Added Component: Designator=C2(0603)
Added Component: Designator=C3(0603)
Added Component: Designator=C4(0603)
Added Component: Designator=C5(0603)
Added Component: Designator=C6(0603)
Added Component: Designator=C7(0603)
Added Component: Designator=C8(0603)
Added Component: Designator=C9(0603)
Added Component: Designator=C10(0603)
Added Component: Designator=C11(0603)
Added Component: Designator=C12(0603)
Added Component: Designator=C13(0603)
Added Component: Designator=C14(0603)
Added Component: Designator=C15(0603)
Added Component: Designator=C16(0603)
Added Component: Designator=C17(0603)
Added Component: Designator=C18(0603)
Added Component: Designator=C19(0603)
Added Component: Designator=C20(0603)
Added Component: Designator=C21(0603)
Added Component: Designator=C22(0603)
Added Component: Designator=C23(0603)
Added Component: Designator=C24(0603)
Added Component: Designator=C25(0603)
Added Component: Designator=C26(0603)
Added Component: Designator=C27(0603)
Added Component: Designator=C28(0603)
Added Component: Designator=C29(0603)
Added Component: Designator=C30(0603)
Added Component: Designator=C31(0603)
Added Component: Designator=C32(0603)
Added Component: Designator=C33(0603)
Added Component: Designator=C34(0603)
Added Component: Designator=C35(0805)
Added Component: Designator=C36(钽电容1206（A3216）)
Added Component: Designator=C37(钽电容1206（A3216）)
Added Component: Designator=C38(0805)
Added Component: Designator=C39(0805)
Added Component: Designator=C40(钽电容1206（A3216）)
Added Component: Designator=J1(DB25母头)
Added Component: Designator=K1(贴片按键)
Added Component: Designator=K2(2MM接线端子)
Added Component: Designator=K3(2MM接线端子)
Added Component: Designator=L1(0805)
Added Component: Designator=LED1(LED-0805)
Added Component: Designator=P1(2MM接线端子)
Added Component: Designator=P2(3MM接线端子)
Added Component: Designator=P3(3MM接线端子)
Added Component: Designator=P4(3MM接线端子)
Added Component: Designator=P5(3MM接线端子)
Added Component: Designator=P6(2MM接线端子)
Added Component: Designator=Q1(BC847B)
Added Component: Designator=R1(0603)
Added Component: Designator=R2(0603)
Added Component: Designator=R3(0603)
Added Component: Designator=R4(0603)
Added Component: Designator=R5(0603)
Added Component: Designator=R6(0603)
Added Component: Designator=R7(0603)
Added Component: Designator=R8(0603)
Added Component: Designator=R9(0603)
Added Component: Designator=R10(0603)
Added Component: Designator=R11(0603)
Added Component: Designator=R12(0603)
Added Component: Designator=R13(0603)
Added Component: Designator=R14(0603)
Added Component: Designator=R15(0603)
Added Component: Designator=R16(0603)
Added Component: Designator=R17(0603)
Added Component: Designator=R18(0603)
Added Component: Designator=R19(0603)
Added Component: Designator=R20(0603)
Added Component: Designator=R21(0603)
Added Component: Designator=R22(0603)
Added Component: Designator=R23(0603)
Added Component: Designator=R24(0603)
Added Component: Designator=R25(0603)
Added Component: Designator=R26(0603)
Added Component: Designator=R27(0603)
Added Component: Designator=R28(0603)
Added Component: Designator=R29(0603)
Added Component: Designator=R30(0603)
Added Component: Designator=R31(0603)
Added Component: Designator=R32(0603)
Added Component: Designator=R33(0603)
Added Component: Designator=R34(0603)
Added Component: Designator=R35(0603)
Added Component: Designator=R36(0603)
Added Component: Designator=R37(0603)
Added Component: Designator=R38(0603)
Added Component: Designator=R39(0603)
Added Component: Designator=R40(0603)
Added Component: Designator=U1(LM358-D)
Added Component: Designator=U2(LM358-D)
Added Component: Designator=U3(Stm32f407ZET6 - duplicate)
Added Component: Designator=U4(JTAG-20)
Added Component: Designator=U5(AT24C02)
Added Component: Designator=U6(OLED)
Added Component: Designator=U7(74LVC4245-PW)
Added Component: Designator=U8(LT1963)
Added Component: Designator=X1(3225无源晶振)
Added Pin To Net: NetName=A1 Pin=C21-2
Added Pin To Net: NetName=A1 Pin=P3-3
Added Pin To Net: NetName=A1 Pin=R20-2
Added Pin To Net: NetName=A1 Pin=U3-87
Added Net: Name=A1
Added Pin To Net: NetName=A2 Pin=C20-2
Added Pin To Net: NetName=A2 Pin=P2-3
Added Pin To Net: NetName=A2 Pin=R19-2
Added Pin To Net: NetName=A2 Pin=U3-88
Added Net: Name=A2
Added Pin To Net: NetName=A3 Pin=C27-2
Added Pin To Net: NetName=A3 Pin=P4-3
Added Pin To Net: NetName=A3 Pin=R25-2
Added Pin To Net: NetName=A3 Pin=U3-89
Added Net: Name=A3
Added Pin To Net: NetName=A4 Pin=C28-2
Added Pin To Net: NetName=A4 Pin=P5-3
Added Pin To Net: NetName=A4 Pin=R26-2
Added Pin To Net: NetName=A4 Pin=U3-90
Added Net: Name=A4
Added Pin To Net: NetName=B1 Pin=C26-2
Added Pin To Net: NetName=B1 Pin=P3-2
Added Pin To Net: NetName=B1 Pin=R23-2
Added Pin To Net: NetName=B1 Pin=U3-86
Added Net: Name=B1
Added Pin To Net: NetName=B2 Pin=C25-2
Added Pin To Net: NetName=B2 Pin=P2-2
Added Pin To Net: NetName=B2 Pin=R22-2
Added Pin To Net: NetName=B2 Pin=U3-85
Added Net: Name=B2
Added Pin To Net: NetName=B3 Pin=C32-2
Added Pin To Net: NetName=B3 Pin=P4-2
Added Pin To Net: NetName=B3 Pin=R27-2
Added Pin To Net: NetName=B3 Pin=U3-91
Added Net: Name=B3
Added Pin To Net: NetName=B4 Pin=C33-2
Added Pin To Net: NetName=B4 Pin=P5-2
Added Pin To Net: NetName=B4 Pin=R28-2
Added Pin To Net: NetName=B4 Pin=U3-92
Added Net: Name=B4
Added Pin To Net: NetName=BOOT0 Pin=R11-2
Added Pin To Net: NetName=BOOT0 Pin=U3-138
Added Net: Name=BOOT0
Added Pin To Net: NetName=BOOT1 Pin=R12-2
Added Pin To Net: NetName=BOOT1 Pin=U3-48
Added Net: Name=BOOT1
Added Pin To Net: NetName=DDS Pin=R2-2
Added Pin To Net: NetName=DDS Pin=R5-2
Added Pin To Net: NetName=DDS Pin=U1-7
Added Net: Name=DDS
Added Pin To Net: NetName=GND Pin=C1-2
Added Pin To Net: NetName=GND Pin=C2-2
Added Pin To Net: NetName=GND Pin=C3-1
Added Pin To Net: NetName=GND Pin=C4-1
Added Pin To Net: NetName=GND Pin=C5-1
Added Pin To Net: NetName=GND Pin=C6-1
Added Pin To Net: NetName=GND Pin=C7-1
Added Pin To Net: NetName=GND Pin=C8-1
Added Pin To Net: NetName=GND Pin=C9-1
Added Pin To Net: NetName=GND Pin=C10-1
Added Pin To Net: NetName=GND Pin=C11-1
Added Pin To Net: NetName=GND Pin=C12-1
Added Pin To Net: NetName=GND Pin=C13-1
Added Pin To Net: NetName=GND Pin=C14-1
Added Pin To Net: NetName=GND Pin=C15-1
Added Pin To Net: NetName=GND Pin=C16-1
Added Pin To Net: NetName=GND Pin=C17-1
Added Pin To Net: NetName=GND Pin=C18-1
Added Pin To Net: NetName=GND Pin=C19-1
Added Pin To Net: NetName=GND Pin=C20-1
Added Pin To Net: NetName=GND Pin=C21-1
Added Pin To Net: NetName=GND Pin=C22-1
Added Pin To Net: NetName=GND Pin=C23-2
Added Pin To Net: NetName=GND Pin=C24-2
Added Pin To Net: NetName=GND Pin=C25-1
Added Pin To Net: NetName=GND Pin=C26-1
Added Pin To Net: NetName=GND Pin=C27-1
Added Pin To Net: NetName=GND Pin=C28-1
Added Pin To Net: NetName=GND Pin=C29-2
Added Pin To Net: NetName=GND Pin=C30-1
Added Pin To Net: NetName=GND Pin=C31-2
Added Pin To Net: NetName=GND Pin=C32-1
Added Pin To Net: NetName=GND Pin=C33-1
Added Pin To Net: NetName=GND Pin=C34-2
Added Pin To Net: NetName=GND Pin=C35-2
Added Pin To Net: NetName=GND Pin=C36-1
Added Pin To Net: NetName=GND Pin=C37-1
Added Pin To Net: NetName=GND Pin=C38-2
Added Pin To Net: NetName=GND Pin=C39-1
Added Pin To Net: NetName=GND Pin=C40-1
Added Pin To Net: NetName=GND Pin=J1-10
Added Pin To Net: NetName=GND Pin=J1-11
Added Pin To Net: NetName=GND Pin=J1-12
Added Pin To Net: NetName=GND Pin=J1-13
Added Pin To Net: NetName=GND Pin=J1-14
Added Pin To Net: NetName=GND Pin=J1-15
Added Pin To Net: NetName=GND Pin=K1-1
Added Pin To Net: NetName=GND Pin=K3-1
Added Pin To Net: NetName=GND Pin=LED1-2
Added Pin To Net: NetName=GND Pin=P1-1
Added Pin To Net: NetName=GND Pin=P6-2
Added Pin To Net: NetName=GND Pin=Q1-1
Added Pin To Net: NetName=GND Pin=R3-2
Added Pin To Net: NetName=GND Pin=R9-1
Added Pin To Net: NetName=GND Pin=R11-1
Added Pin To Net: NetName=GND Pin=R12-1
Added Pin To Net: NetName=GND Pin=R18-1
Added Pin To Net: NetName=GND Pin=R19-1
Added Pin To Net: NetName=GND Pin=R20-1
Added Pin To Net: NetName=GND Pin=R22-1
Added Pin To Net: NetName=GND Pin=R23-1
Added Pin To Net: NetName=GND Pin=R25-1
Added Pin To Net: NetName=GND Pin=R26-1
Added Pin To Net: NetName=GND Pin=R27-1
Added Pin To Net: NetName=GND Pin=R28-1
Added Pin To Net: NetName=GND Pin=U1-3
Added Pin To Net: NetName=GND Pin=U1-4
Added Pin To Net: NetName=GND Pin=U2-4
Added Pin To Net: NetName=GND Pin=U2-5
Added Pin To Net: NetName=GND Pin=U2-6
Added Pin To Net: NetName=GND Pin=U3-16
Added Pin To Net: NetName=GND Pin=U3-31
Added Pin To Net: NetName=GND Pin=U3-38
Added Pin To Net: NetName=GND Pin=U3-51
Added Pin To Net: NetName=GND Pin=U3-61
Added Pin To Net: NetName=GND Pin=U3-83
Added Pin To Net: NetName=GND Pin=U3-94
Added Pin To Net: NetName=GND Pin=U3-107
Added Pin To Net: NetName=GND Pin=U3-120
Added Pin To Net: NetName=GND Pin=U3-130
Added Pin To Net: NetName=GND Pin=U4-4
Added Pin To Net: NetName=GND Pin=U4-6
Added Pin To Net: NetName=GND Pin=U4-8
Added Pin To Net: NetName=GND Pin=U4-10
Added Pin To Net: NetName=GND Pin=U4-12
Added Pin To Net: NetName=GND Pin=U4-14
Added Pin To Net: NetName=GND Pin=U4-16
Added Pin To Net: NetName=GND Pin=U4-18
Added Pin To Net: NetName=GND Pin=U4-20
Added Pin To Net: NetName=GND Pin=U5-1
Added Pin To Net: NetName=GND Pin=U5-2
Added Pin To Net: NetName=GND Pin=U5-3
Added Pin To Net: NetName=GND Pin=U5-4
Added Pin To Net: NetName=GND Pin=U5-7
Added Pin To Net: NetName=GND Pin=U6-1
Added Pin To Net: NetName=GND Pin=U7-2
Added Pin To Net: NetName=GND Pin=U7-11
Added Pin To Net: NetName=GND Pin=U7-12
Added Pin To Net: NetName=GND Pin=U7-13
Added Pin To Net: NetName=GND Pin=U7-22
Added Pin To Net: NetName=GND Pin=U8-3
Added Pin To Net: NetName=GND Pin=U8-6
Added Pin To Net: NetName=GND Pin=U8-7
Added Pin To Net: NetName=GND Pin=X1-2
Added Pin To Net: NetName=GND Pin=X1-4
Added Net: Name=GND
Added Pin To Net: NetName=NetC2_1 Pin=C2-1
Added Pin To Net: NetName=NetC2_1 Pin=U3-106
Added Net: Name=NetC2_1
Added Pin To Net: NetName=NetC4_2 Pin=C4-2
Added Pin To Net: NetName=NetC4_2 Pin=R13-2
Added Pin To Net: NetName=NetC4_2 Pin=U3-23
Added Pin To Net: NetName=NetC4_2 Pin=X1-1
Added Net: Name=NetC4_2
Added Pin To Net: NetName=NetC5_2 Pin=C5-2
Added Pin To Net: NetName=NetC5_2 Pin=R13-1
Added Pin To Net: NetName=NetC5_2 Pin=U3-24
Added Pin To Net: NetName=NetC5_2 Pin=X1-3
Added Net: Name=NetC5_2
Added Pin To Net: NetName=NetC6_2 Pin=C6-2
Added Pin To Net: NetName=NetC6_2 Pin=U3-71
Added Net: Name=NetC6_2
Added Pin To Net: NetName=NetJ1_1 Pin=J1-1
Added Pin To Net: NetName=NetJ1_1 Pin=R30-2
Added Net: Name=NetJ1_1
Added Pin To Net: NetName=NetJ1_2 Pin=J1-2
Added Pin To Net: NetName=NetJ1_2 Pin=R31-2
Added Net: Name=NetJ1_2
Added Pin To Net: NetName=NetJ1_3 Pin=J1-3
Added Pin To Net: NetName=NetJ1_3 Pin=R32-2
Added Net: Name=NetJ1_3
Added Pin To Net: NetName=NetJ1_4 Pin=J1-4
Added Pin To Net: NetName=NetJ1_4 Pin=R34-2
Added Net: Name=NetJ1_4
Added Pin To Net: NetName=NetJ1_5 Pin=J1-5
Added Pin To Net: NetName=NetJ1_5 Pin=R35-2
Added Net: Name=NetJ1_5
Added Pin To Net: NetName=NetJ1_6 Pin=J1-6
Added Pin To Net: NetName=NetJ1_6 Pin=R36-2
Added Net: Name=NetJ1_6
Added Pin To Net: NetName=NetJ1_7 Pin=J1-7
Added Pin To Net: NetName=NetJ1_7 Pin=R37-2
Added Net: Name=NetJ1_7
Added Pin To Net: NetName=NetJ1_8 Pin=J1-8
Added Pin To Net: NetName=NetJ1_8 Pin=R39-2
Added Net: Name=NetJ1_8
Added Pin To Net: NetName=NetJ1_18 Pin=J1-18
Added Pin To Net: NetName=NetJ1_18 Pin=J1-19
Added Pin To Net: NetName=NetJ1_18 Pin=Q1-3
Added Pin To Net: NetName=NetJ1_18 Pin=R33-1
Added Net: Name=NetJ1_18
Added Pin To Net: NetName=NetJ1_20 Pin=J1-20
Added Pin To Net: NetName=NetJ1_20 Pin=R7-1
Added Net: Name=NetJ1_20
Added Pin To Net: NetName=NetK2_1 Pin=K2-1
Added Pin To Net: NetName=NetK2_1 Pin=K3-2
Added Net: Name=NetK2_1
Added Pin To Net: NetName=NetK2_2 Pin=K2-2
Added Pin To Net: NetName=NetK2_2 Pin=R29-1
Added Pin To Net: NetName=NetK2_2 Pin=U3-35
Added Net: Name=NetK2_2
Added Pin To Net: NetName=NetLED1_1 Pin=LED1-1
Added Pin To Net: NetName=NetLED1_1 Pin=R40-1
Added Net: Name=NetLED1_1
Added Pin To Net: NetName=NetP1_2 Pin=P1-2
Added Pin To Net: NetName=NetP1_2 Pin=R5-1
Added Net: Name=NetP1_2
Added Pin To Net: NetName=NetQ1_2 Pin=Q1-2
Added Pin To Net: NetName=NetQ1_2 Pin=R38-2
Added Net: Name=NetQ1_2
Added Pin To Net: NetName=NetR1_1 Pin=R1-1
Added Pin To Net: NetName=NetR1_1 Pin=R4-1
Added Pin To Net: NetName=NetR1_1 Pin=U1-1
Added Net: Name=NetR1_1
Added Pin To Net: NetName=NetR1_2 Pin=R1-2
Added Pin To Net: NetName=NetR1_2 Pin=R3-1
Added Pin To Net: NetName=NetR1_2 Pin=U1-2
Added Net: Name=NetR1_2
Added Pin To Net: NetName=NetR2_1 Pin=R2-1
Added Pin To Net: NetName=NetR2_1 Pin=R4-2
Added Pin To Net: NetName=NetR2_1 Pin=U1-6
Added Net: Name=NetR2_1
Added Pin To Net: NetName=NetR6_1 Pin=R6-1
Added Pin To Net: NetName=NetR6_1 Pin=R9-2
Added Pin To Net: NetName=NetR6_1 Pin=U2-3
Added Net: Name=NetR6_1
Added Pin To Net: NetName=NetR7_2 Pin=R7-2
Added Pin To Net: NetName=NetR7_2 Pin=U2-7
Added Net: Name=NetR7_2
Added Pin To Net: NetName=NetR8_1 Pin=R8-1
Added Pin To Net: NetName=NetR8_1 Pin=U2-2
Added Net: Name=NetR8_1
Added Pin To Net: NetName=NetR8_2 Pin=R8-2
Added Pin To Net: NetName=NetR8_2 Pin=U3-139
Added Net: Name=NetR8_2
Added Pin To Net: NetName=NetR21_2 Pin=R21-2
Added Pin To Net: NetName=NetR21_2 Pin=U3-101
Added Pin To Net: NetName=NetR21_2 Pin=U5-6
Added Net: Name=NetR21_2
Added Pin To Net: NetName=NetR24_2 Pin=R24-2
Added Pin To Net: NetName=NetR24_2 Pin=U3-100
Added Pin To Net: NetName=NetR24_2 Pin=U5-5
Added Net: Name=NetR24_2
Added Pin To Net: NetName=NetR30_1 Pin=R30-1
Added Pin To Net: NetName=NetR30_1 Pin=U7-3
Added Net: Name=NetR30_1
Added Pin To Net: NetName=NetR31_1 Pin=R31-1
Added Pin To Net: NetName=NetR31_1 Pin=U7-4
Added Net: Name=NetR31_1
Added Pin To Net: NetName=NetR32_1 Pin=R32-1
Added Pin To Net: NetName=NetR32_1 Pin=U7-5
Added Net: Name=NetR32_1
Added Pin To Net: NetName=NetR34_1 Pin=R34-1
Added Pin To Net: NetName=NetR34_1 Pin=U7-6
Added Net: Name=NetR34_1
Added Pin To Net: NetName=NetR35_1 Pin=R35-1
Added Pin To Net: NetName=NetR35_1 Pin=U7-7
Added Net: Name=NetR35_1
Added Pin To Net: NetName=NetR36_1 Pin=R36-1
Added Pin To Net: NetName=NetR36_1 Pin=U7-8
Added Net: Name=NetR36_1
Added Pin To Net: NetName=NetR37_1 Pin=R37-1
Added Pin To Net: NetName=NetR37_1 Pin=U7-9
Added Net: Name=NetR37_1
Added Pin To Net: NetName=NetR38_1 Pin=R38-1
Added Pin To Net: NetName=NetR38_1 Pin=U3-34
Added Net: Name=NetR38_1
Added Pin To Net: NetName=NetR39_1 Pin=R39-1
Added Pin To Net: NetName=NetR39_1 Pin=U7-10
Added Net: Name=NetR39_1
Added Pin To Net: NetName=NetU1_5 Pin=U1-5
Added Pin To Net: NetName=NetU1_5 Pin=U3-40
Added Net: Name=NetU1_5
Added Pin To Net: NetName=NetU3_1 Pin=U3-1
Added Net: Name=NetU3_1
Added Pin To Net: NetName=NetU3_2 Pin=U3-2
Added Net: Name=NetU3_2
Added Pin To Net: NetName=NetU3_3 Pin=U3-3
Added Net: Name=NetU3_3
Added Pin To Net: NetName=NetU3_4 Pin=U3-4
Added Net: Name=NetU3_4
Added Pin To Net: NetName=NetU3_5 Pin=U3-5
Added Net: Name=NetU3_5
Added Pin To Net: NetName=NetU3_7 Pin=U3-7
Added Net: Name=NetU3_7
Added Pin To Net: NetName=NetU3_27 Pin=U3-27
Added Net: Name=NetU3_27
Added Pin To Net: NetName=NetU3_28 Pin=U3-28
Added Net: Name=NetU3_28
Added Pin To Net: NetName=NetU3_36 Pin=U3-36
Added Net: Name=NetU3_36
Added Pin To Net: NetName=NetU3_42 Pin=U3-42
Added Net: Name=NetU3_42
Added Pin To Net: NetName=NetU3_43 Pin=U3-43
Added Net: Name=NetU3_43
Added Pin To Net: NetName=NetU3_54 Pin=U3-54
Added Pin To Net: NetName=NetU3_54 Pin=U6-6
Added Net: Name=NetU3_54
Added Pin To Net: NetName=NetU3_55 Pin=U3-55
Added Pin To Net: NetName=NetU3_55 Pin=U6-5
Added Net: Name=NetU3_55
Added Pin To Net: NetName=NetU3_56 Pin=U3-56
Added Pin To Net: NetName=NetU3_56 Pin=U6-4
Added Net: Name=NetU3_56
Added Pin To Net: NetName=NetU3_57 Pin=U3-57
Added Pin To Net: NetName=NetU3_57 Pin=U6-3
Added Net: Name=NetU3_57
Added Pin To Net: NetName=NetU3_58 Pin=U3-58
Added Pin To Net: NetName=NetU3_58 Pin=U7-14
Added Net: Name=NetU3_58
Added Pin To Net: NetName=NetU3_59 Pin=U3-59
Added Pin To Net: NetName=NetU3_59 Pin=U7-15
Added Net: Name=NetU3_59
Added Pin To Net: NetName=NetU3_64 Pin=U3-64
Added Pin To Net: NetName=NetU3_64 Pin=U7-16
Added Net: Name=NetU3_64
Added Pin To Net: NetName=NetU3_65 Pin=U3-65
Added Pin To Net: NetName=NetU3_65 Pin=U7-17
Added Net: Name=NetU3_65
Added Pin To Net: NetName=NetU3_73 Pin=U3-73
Added Pin To Net: NetName=NetU3_73 Pin=U7-18
Added Net: Name=NetU3_73
Added Pin To Net: NetName=NetU3_74 Pin=U3-74
Added Pin To Net: NetName=NetU3_74 Pin=U7-19
Added Net: Name=NetU3_74
Added Pin To Net: NetName=NetU3_75 Pin=U3-75
Added Pin To Net: NetName=NetU3_75 Pin=U7-20
Added Net: Name=NetU3_75
Added Pin To Net: NetName=NetU3_76 Pin=U3-76
Added Pin To Net: NetName=NetU3_76 Pin=U7-21
Added Net: Name=NetU3_76
Added Pin To Net: NetName=NetU3_140 Pin=U3-140
Added Net: Name=NetU3_140
Added Pin To Net: NetName=NetU3_141 Pin=U3-141
Added Net: Name=NetU3_141
Added Pin To Net: NetName=NetU3_142 Pin=U3-142
Added Net: Name=NetU3_142
Added Pin To Net: NetName=NTRST Pin=R14-1
Added Pin To Net: NetName=NTRST Pin=U3-134
Added Pin To Net: NetName=NTRST Pin=U4-3
Added Net: Name=NTRST
Added Pin To Net: NetName=RESET Pin=C3-2
Added Pin To Net: NetName=RESET Pin=K1-2
Added Pin To Net: NetName=RESET Pin=R10-1
Added Pin To Net: NetName=RESET Pin=U3-25
Added Pin To Net: NetName=RESET Pin=U4-15
Added Net: Name=RESET
Added Pin To Net: NetName=TCK Pin=R18-2
Added Pin To Net: NetName=TCK Pin=U3-109
Added Pin To Net: NetName=TCK Pin=U4-9
Added Net: Name=TCK
Added Pin To Net: NetName=TDI Pin=R15-1
Added Pin To Net: NetName=TDI Pin=U3-110
Added Pin To Net: NetName=TDI Pin=U4-5
Added Net: Name=TDI
Added Pin To Net: NetName=TDO Pin=R17-1
Added Pin To Net: NetName=TDO Pin=U3-133
Added Pin To Net: NetName=TDO Pin=U4-13
Added Net: Name=TDO
Added Pin To Net: NetName=TMS Pin=R16-1
Added Pin To Net: NetName=TMS Pin=U3-105
Added Pin To Net: NetName=TMS Pin=U4-7
Added Net: Name=TMS
Added Pin To Net: NetName=VCC-5 Pin=C1-1
Added Pin To Net: NetName=VCC-5 Pin=C34-1
Added Pin To Net: NetName=VCC-5 Pin=C35-1
Added Pin To Net: NetName=VCC-5 Pin=C36-2
Added Pin To Net: NetName=VCC-5 Pin=C39-2
Added Pin To Net: NetName=VCC-5 Pin=C40-2
Added Pin To Net: NetName=VCC-5 Pin=P6-1
Added Pin To Net: NetName=VCC-5 Pin=R33-2
Added Pin To Net: NetName=VCC-5 Pin=U1-8
Added Pin To Net: NetName=VCC-5 Pin=U2-1
Added Pin To Net: NetName=VCC-5 Pin=U2-8
Added Pin To Net: NetName=VCC-5 Pin=U7-1
Added Pin To Net: NetName=VCC-5 Pin=U8-5
Added Pin To Net: NetName=VCC-5 Pin=U8-8
Added Net: Name=VCC-5
Added Pin To Net: NetName=VDD-3.3 Pin=C7-2
Added Pin To Net: NetName=VDD-3.3 Pin=C8-2
Added Pin To Net: NetName=VDD-3.3 Pin=C9-2
Added Pin To Net: NetName=VDD-3.3 Pin=C10-2
Added Pin To Net: NetName=VDD-3.3 Pin=C11-2
Added Pin To Net: NetName=VDD-3.3 Pin=C12-2
Added Pin To Net: NetName=VDD-3.3 Pin=C13-2
Added Pin To Net: NetName=VDD-3.3 Pin=C14-2
Added Pin To Net: NetName=VDD-3.3 Pin=C15-2
Added Pin To Net: NetName=VDD-3.3 Pin=C16-2
Added Pin To Net: NetName=VDD-3.3 Pin=C17-2
Added Pin To Net: NetName=VDD-3.3 Pin=C18-2
Added Pin To Net: NetName=VDD-3.3 Pin=C22-2
Added Pin To Net: NetName=VDD-3.3 Pin=C23-1
Added Pin To Net: NetName=VDD-3.3 Pin=C24-1
Added Pin To Net: NetName=VDD-3.3 Pin=C29-1
Added Pin To Net: NetName=VDD-3.3 Pin=C30-2
Added Pin To Net: NetName=VDD-3.3 Pin=C31-1
Added Pin To Net: NetName=VDD-3.3 Pin=C37-2
Added Pin To Net: NetName=VDD-3.3 Pin=C38-1
Added Pin To Net: NetName=VDD-3.3 Pin=L1-1
Added Pin To Net: NetName=VDD-3.3 Pin=P2-1
Added Pin To Net: NetName=VDD-3.3 Pin=P3-1
Added Pin To Net: NetName=VDD-3.3 Pin=P4-1
Added Pin To Net: NetName=VDD-3.3 Pin=P5-1
Added Pin To Net: NetName=VDD-3.3 Pin=R6-2
Added Pin To Net: NetName=VDD-3.3 Pin=R10-2
Added Pin To Net: NetName=VDD-3.3 Pin=R14-2
Added Pin To Net: NetName=VDD-3.3 Pin=R15-2
Added Pin To Net: NetName=VDD-3.3 Pin=R16-2
Added Pin To Net: NetName=VDD-3.3 Pin=R17-2
Added Pin To Net: NetName=VDD-3.3 Pin=R21-1
Added Pin To Net: NetName=VDD-3.3 Pin=R24-1
Added Pin To Net: NetName=VDD-3.3 Pin=R29-2
Added Pin To Net: NetName=VDD-3.3 Pin=R40-2
Added Pin To Net: NetName=VDD-3.3 Pin=U3-17
Added Pin To Net: NetName=VDD-3.3 Pin=U3-30
Added Pin To Net: NetName=VDD-3.3 Pin=U3-39
Added Pin To Net: NetName=VDD-3.3 Pin=U3-52
Added Pin To Net: NetName=VDD-3.3 Pin=U3-62
Added Pin To Net: NetName=VDD-3.3 Pin=U3-72
Added Pin To Net: NetName=VDD-3.3 Pin=U3-84
Added Pin To Net: NetName=VDD-3.3 Pin=U3-95
Added Pin To Net: NetName=VDD-3.3 Pin=U3-108
Added Pin To Net: NetName=VDD-3.3 Pin=U3-121
Added Pin To Net: NetName=VDD-3.3 Pin=U3-131
Added Pin To Net: NetName=VDD-3.3 Pin=U3-143
Added Pin To Net: NetName=VDD-3.3 Pin=U3-144
Added Pin To Net: NetName=VDD-3.3 Pin=U5-8
Added Pin To Net: NetName=VDD-3.3 Pin=U6-2
Added Pin To Net: NetName=VDD-3.3 Pin=U7-23
Added Pin To Net: NetName=VDD-3.3 Pin=U7-24
Added Pin To Net: NetName=VDD-3.3 Pin=U8-1
Added Pin To Net: NetName=VDD-3.3 Pin=U8-2
Added Net: Name=VDD-3.3
Added Pin To Net: NetName=VDDA Pin=C19-2
Added Pin To Net: NetName=VDDA Pin=L1-2
Added Pin To Net: NetName=VDDA Pin=U3-32
Added Pin To Net: NetName=VDDA Pin=U3-33
Added Net: Name=VDDA
Added Class: Name=U_DDS
Added Class: Name=U_MCU
Added Class: Name=U_Module
Added Class: Name=U_Power
Added Room: Name=U_DDS
Added Room: Name=U_MCU
Added Room: Name=U_Module
Added Room: Name=U_Power
