Removed Pin From Net: NetName=NetK2_1 Pin=K2-1
Removed Pin From Net: NetName=GND Pin=P7-2
Removed Pin From Net: NetName=NetC41_2 Pin=U3-114
Change Component Designator: OldDesignator=Power NewDesignator=LED1
Added Component: Designator=C44(0603)
Added Component: Designator=C45(0603)
Added Component: Designator=C46(0603)
Added Component: Designator=R14(0603)
Added Component: Designator=R15(0603)
Added Pin To Net: NetName=VCC-5 Pin=C44-1
Added Pin To Net: NetName=GND Pin=C44-2
Added Pin To Net: NetName=VCC-5 Pin=C45-1
Added Pin To Net: NetName=GND Pin=C45-2
Added Pin To Net: NetName=GND Pin=C46-1
Added Pin To Net: NetName=NetK2_1 Pin=C46-2
Added Pin To Net: NetName=GND Pin=K2-1
Added Pin To Net: NetName=RESET Pin=P7-2
Added Pin To Net: NetName=VCC-5 Pin=R14-1
Added Pin To Net: NetName=NetR8_1 Pin=R14-2
Added Pin To Net: NetName=VDD-3.3 Pin=R15-1
Added Pin To Net: NetName=NetK2_1 Pin=R15-2
Added Pin To Net: NetName=NetK2_1 Pin=U3-114
Added Pin To Net: NetName=NetC41_2 Pin=U3-115
Change Net Name : Old Net Name=NetK2_1 New Net Name=NetC46_2
Added Member To Class: ClassName=U_DDS Member=Component C44 Capacitor-0603
Added Member To Class: ClassName=U_DDS Member=Component C45 Capacitor-0603
Added Member To Class: ClassName=U_Module Member=Component C46 Capacitor-0603
Added Member To Class: ClassName=U_DDS Member=Component R14 Resistor-0603
Added Member To Class: ClassName=U_Module Member=Component R15 Resistor-0603
