Removed Pin From Net: NetName=NTRST Pin=R14-1
Removed Pin From Net: NetName=VDD-3.3 Pin=R14-2
Removed Pin From Net: NetName=TDI Pin=R15-1
Removed Pin From Net: NetName=VDD-3.3 Pin=R15-2
Removed Pin From Net: NetName=TMS Pin=R16-1
Removed Pin From Net: NetName=VDD-3.3 Pin=R16-2
Removed Pin From Net: NetName=TDO Pin=R17-1
Removed Pin From Net: NetName=NTRST Pin=U4-3
Removed Pin From Net: NetName=GND Pin=U4-4
Removed Pin From Net: NetName=TDI Pin=U4-5
Removed Pin From Net: NetName=GND Pin=U4-6
Removed Pin From Net: NetName=TMS Pin=U4-7
Removed Pin From Net: NetName=GND Pin=U4-8
Removed Pin From Net: NetName=TCK Pin=U4-9
Removed Pin From Net: NetName=GND Pin=U4-10
Removed Pin From Net: NetName=GND Pin=U4-12
Removed Pin From Net: NetName=TDO Pin=U4-13
Removed Pin From Net: NetName=GND Pin=U4-14
Removed Pin From Net: NetName=RESET Pin=U4-15
Removed Pin From Net: NetName=GND Pin=U4-16
Removed Pin From Net: NetName=GND Pin=U4-18
Removed Pin From Net: NetName=GND Pin=U4-20
Removed Member From Class: ClassName=U_MCU Member=R14
Removed Member From Class: ClassName=U_MCU Member=R15
Removed Member From Class: ClassName=U_MCU Member=R16
Removed Member From Class: ClassName=U_MCU Member=U4
Added Component: Designator=P7(HDR2X2)
Added Pin To Net: NetName=TMS Pin=P7-1
Added Pin To Net: NetName=RESET Pin=P7-2
Added Pin To Net: NetName=TCK Pin=P7-3
Added Pin To Net: NetName=GND Pin=P7-4
Added Pin To Net: NetName=TMS Pin=R17-1
Added Member To Class: ClassName=U_MCU Member=Component P7 Header 2X2
