Removed Pin From Net: NetName=VCC-5 Pin=C1-1
Removed Pin From Net: NetName=VCC-5 Pin=C44-1
Removed Pin From Net: NetName=GND Pin=J1-11
Removed Pin From Net: NetName=GND Pin=J1-12
Removed Pin From Net: NetName=GND Pin=J1-13
Removed Pin From Net: NetName=GND Pin=J1-15
Removed Pin From Net: NetName=NetJ1_18 Pin=J1-19
Removed Pin From Net: NetName=GND Pin=Q1-1
Removed Pin From Net: NetName=NetJ1_18 Pin=Q1-3
Removed Pin From Net: NetName=NetJ1_18 Pin=R33-1
Removed Pin From Net: NetName=VCC-5 Pin=R33-2
Removed Pin From Net: NetName=GND Pin=U1-4
Removed Pin From Net: NetName=VCC-5 Pin=U1-8
Removed Pin From Net: NetName=NetR38_1 Pin=U3-20
Removed Member From Class: ClassName=U_Module Member=Q1
Change Component Comment : Designator=U8 Old Comment=LT1963 New Comment=LT1763
Change Component Designator: OldDesignator=Power NewDesignator=LED1
Added Component: Designator=C47(0805)
Added Component: Designator=C48(0603)
Added Component: Designator=C49(0805)
Added Component: Designator=C50(0805)
Added Component: Designator=C51(0603)
Added Component: Designator=C52(0603)
Added Component: Designator=C53(0805)
Added Component: Designator=D1(SMBJ20A)
Added Component: Designator=L2(色环电感0307)
Added Component: Designator=L3(色环电感0307)
Added Component: Designator=L4(0805)
Added Component: Designator=R16(0603)
Added Component: Designator=R41(0603)
Added Component: Designator=R42(0603)
Added Component: Designator=R43(0603)
Added Component: Designator=R44(0603)
Added Component: Designator=R46(0603)
Added Component: Designator=U4(SOT23-5)
Added Component: Designator=U9(74LVC4245-PW)
Added Pin To Net: NetName=GND Pin=C49-1
Added Pin To Net: NetName=VCC-5 Pin=C49-2
Added Pin To Net: NetName=GND Pin=C50-1
Added Pin To Net: NetName=VDD-3.3 Pin=C51-1
Added Pin To Net: NetName=GND Pin=C51-2
Added Pin To Net: NetName=VCC-5 Pin=C52-1
Added Pin To Net: NetName=GND Pin=C52-2
Added Pin To Net: NetName=VDD-3.3 Pin=C53-1
Added Pin To Net: NetName=GND Pin=D1-2
Added Pin To Net: NetName=VCC-5 Pin=L2-2
Added Pin To Net: NetName=VCC-5 Pin=L4-1
Added Pin To Net: NetName=VDD-3.3 Pin=R38-2
Added Pin To Net: NetName=GND Pin=R41-1
Added Pin To Net: NetName=NetJ1_18 Pin=R44-1
Added Pin To Net: NetName=GND Pin=U4-2
Added Pin To Net: NetName=VCC-5 Pin=U4-4
Added Pin To Net: NetName=VCC-5 Pin=U4-5
Added Pin To Net: NetName=VCC-5 Pin=U9-1
Added Pin To Net: NetName=GND Pin=U9-2
Added Pin To Net: NetName=GND Pin=U9-11
Added Pin To Net: NetName=GND Pin=U9-12
Added Pin To Net: NetName=GND Pin=U9-13
Added Pin To Net: NetName=NetR38_1 Pin=U9-21
Added Pin To Net: NetName=GND Pin=U9-22
Added Pin To Net: NetName=VDD-3.3 Pin=U9-23
Added Pin To Net: NetName=VDD-3.3 Pin=U9-24
Added Pin To Net: NetName=-5V Pin=C48-2
Added Pin To Net: NetName=-5V Pin=C50-2
Added Pin To Net: NetName=-5V Pin=L3-1
Added Pin To Net: NetName=-5V Pin=R16-2
Added Pin To Net: NetName=-5V Pin=U1-4
Added Net: Name=-5V
Added Pin To Net: NetName=5V Pin=C1-1
Added Pin To Net: NetName=5V Pin=C44-1
Added Pin To Net: NetName=5V Pin=L4-2
Added Pin To Net: NetName=5V Pin=U1-8
Added Net: Name=5V
Added Pin To Net: NetName=NetC47_1 Pin=C47-1
Added Pin To Net: NetName=NetC47_1 Pin=L2-1
Added Pin To Net: NetName=NetC47_1 Pin=U4-1
Added Net: Name=NetC47_1
Added Pin To Net: NetName=NetC47_2 Pin=C47-2
Added Pin To Net: NetName=NetC47_2 Pin=D1-1
Added Pin To Net: NetName=NetC47_2 Pin=L3-2
Added Net: Name=NetC47_2
Added Pin To Net: NetName=NetC48_1 Pin=C48-1
Added Pin To Net: NetName=NetC48_1 Pin=R16-1
Added Pin To Net: NetName=NetC48_1 Pin=R41-2
Added Pin To Net: NetName=NetC48_1 Pin=U4-3
Added Net: Name=NetC48_1
Added Pin To Net: NetName=NetC53_2 Pin=C53-2
Added Pin To Net: NetName=NetC53_2 Pin=U8-4
Added Net: Name=NetC53_2
Added Pin To Net: NetName=NetJ1_9 Pin=J1-9
Added Pin To Net: NetName=NetJ1_9 Pin=R46-1
Added Net: Name=NetJ1_9
Added Pin To Net: NetName=NetJ1_19 Pin=J1-19
Added Pin To Net: NetName=NetJ1_19 Pin=R43-1
Added Net: Name=NetJ1_19
Added Pin To Net: NetName=NetJ1_22 Pin=J1-22
Added Pin To Net: NetName=NetJ1_22 Pin=R33-1
Added Net: Name=NetJ1_22
Added Pin To Net: NetName=NetJ1_23 Pin=J1-23
Added Pin To Net: NetName=NetJ1_23 Pin=R42-1
Added Net: Name=NetJ1_23
Added Pin To Net: NetName=NetR33_2 Pin=R33-2
Added Pin To Net: NetName=NetR33_2 Pin=U9-4
Added Net: Name=NetR33_2
Added Pin To Net: NetName=NetR42_2 Pin=R42-2
Added Pin To Net: NetName=NetR42_2 Pin=U9-3
Added Net: Name=NetR42_2
Added Pin To Net: NetName=NetR43_2 Pin=R43-2
Added Pin To Net: NetName=NetR43_2 Pin=U9-6
Added Net: Name=NetR43_2
Added Pin To Net: NetName=NetR44_2 Pin=R44-2
Added Pin To Net: NetName=NetR44_2 Pin=U9-8
Added Net: Name=NetR44_2
Added Pin To Net: NetName=NetR46_2 Pin=R46-2
Added Pin To Net: NetName=NetR46_2 Pin=U9-10
Added Net: Name=NetR46_2
Added Pin To Net: NetName=NetU3_2 Pin=U3-2
Added Pin To Net: NetName=NetU3_2 Pin=U9-20
Added Net: Name=NetU3_2
Added Pin To Net: NetName=NetU3_3 Pin=U3-3
Added Pin To Net: NetName=NetU3_3 Pin=U9-14
Added Net: Name=NetU3_3
Added Pin To Net: NetName=NetU3_4 Pin=U3-4
Added Pin To Net: NetName=NetU3_4 Pin=U9-16
Added Net: Name=NetU3_4
Added Pin To Net: NetName=NetU3_5 Pin=U3-5
Added Pin To Net: NetName=NetU3_5 Pin=U9-18
Added Net: Name=NetU3_5
Added Member To Class: ClassName=U_Power Member=Component C47 Capacitor-0805
Added Member To Class: ClassName=U_Power Member=Component C48 Capacitor-0603
Added Member To Class: ClassName=U_Power Member=Component C49 Capacitor-0805
Added Member To Class: ClassName=U_Power Member=Component C50 Capacitor-0805
Added Member To Class: ClassName=U_Module Member=Component C51 Capacitor-0603
Added Member To Class: ClassName=U_Module Member=Component C52 Capacitor-0603
Added Member To Class: ClassName=U_Power Member=Component C53 Capacitor-0805
Added Member To Class: ClassName=U_Power Member=Component D1 SMBJ20A
Added Member To Class: ClassName=U_Power Member=Component L2 Inductor
Added Member To Class: ClassName=U_Power Member=Component L3 Inductor
Added Member To Class: ClassName=U_DDS Member=Component L4 Inductor
Added Member To Class: ClassName=U_Power Member=Component LED1 LED
Added Member To Class: ClassName=U_Power Member=Component R16 Resistor-0603
Added Member To Class: ClassName=U_Power Member=Component R41 Resistor-0603
Added Member To Class: ClassName=U_Module Member=Component R42 Resistor-0603
Added Member To Class: ClassName=U_Module Member=Component R43 Resistor-0603
Added Member To Class: ClassName=U_Module Member=Component R44 Resistor-0603
Added Member To Class: ClassName=U_Module Member=Component R46 Resistor-0603
Added Member To Class: ClassName=U_Power Member=Component U4 LT1617ES5
Added Member To Class: ClassName=U_Module Member=Component U9 74LVC4245
