Added Component: Designator=J1(EC16)
Added Component: Designator=J2(EC16)
Added Component: Designator=J3(EC16)
Added Component: Designator=J4(EC16)
Added Pin To Net: NetName=A1 Pin=J1-1
Added Pin To Net: NetName=B1 Pin=J1-2
Added Pin To Net: NetName=VDD-3.3 Pin=J1-3
Added Pin To Net: NetName=A2 Pin=J2-1
Added Pin To Net: NetName=B2 Pin=J2-2
Added Pin To Net: NetName=VDD-3.3 Pin=J2-3
Added Pin To Net: NetName=A3 Pin=J3-1
Added Pin To Net: NetName=B3 Pin=J3-2
Added Pin To Net: NetName=VDD-3.3 Pin=J3-3
Added Pin To Net: NetName=A4 Pin=J4-1
Added Pin To Net: NetName=B4 Pin=J4-2
Added Pin To Net: NetName=VDD-3.3 Pin=J4-3
Added Member To Class: ClassName=U_Module Member=Component J1 EC16±àÂëÆ÷
Added Member To Class: ClassName=U_Module Member=Component J2 EC16±àÂëÆ÷
Added Member To Class: ClassName=U_Module Member=Component J3 EC16±àÂëÆ÷
Added Member To Class: ClassName=U_Module Member=Component J4 EC16±àÂëÆ÷
