Added Component: Designator=C1(0603)
Added Component: Designator=C2(0603)
Added Component: Designator=C3(0603)
Added Component: Designator=C4(0603)
Added Component: Designator=C5(0603)
Added Component: Designator=C6(0603)
Added Component: Designator=C7(0603)
Added Component: Designator=C8(0603)
Added Component: Designator=C9(0603)
Added Component: Designator=C10(0603)
Added Component: Designator=C11(0603)
Added Component: Designator=C12(0603)
Added Component: Designator=C13(0603)
Added Component: Designator=C14(0603)
Added Component: Designator=C15(0603)
Added Component: Designator=C16(0603)
Added Component: Designator=C17(0603)
Added Component: Designator=C18(0603)
Added Component: Designator=C19(0603)
Added Component: Designator=C20(0603)
Added Component: Designator=C21(0603)
Added Component: Designator=C22(0603)
Added Component: Designator=C23(0603)
Added Component: Designator=C24(0603)
Added Component: Designator=C25(0603)
Added Component: Designator=C26(0603)
Added Component: Designator=C27(0603)
Added Component: Designator=C28(0603)
Added Component: Designator=C29(0603)
Added Component: Designator=C30(0603)
Added Component: Designator=C31(0603)
Added Component: Designator=C32(0603)
Added Component: Designator=C33(0603)
Added Component: Designator=C34(0603)
Added Component: Designator=C35(0603)
Added Component: Designator=C36(0603)
Added Component: Designator=C37(0603)
Added Component: Designator=C38(0603)
Added Component: Designator=C39(0603)
Added Component: Designator=C40(0603)
Added Component: Designator=C41(0603)
Added Component: Designator=C42(0603)
Added Component: Designator=C43(0603)
Added Component: Designator=C44(0603)
Added Component: Designator=C45(0603)
Added Component: Designator=C46(0603)
Added Component: Designator=C47(0603)
Added Component: Designator=C48(0603)
Added Component: Designator=C49(0603)
Added Component: Designator=C50(0603)
Added Component: Designator=C51(0603)
Added Component: Designator=C52(0603)
Added Component: Designator=C53(0603)
Added Component: Designator=C54(0603)
Added Component: Designator=C55(0603)
Added Component: Designator=C56(0603)
Added Component: Designator=C57(0603)
Added Component: Designator=C58(0603)
Added Component: Designator=C59(0805)
Added Component: Designator=C60(钽电容1206（A3216）)
Added Component: Designator=C61(钽电容1206（A3216）)
Added Component: Designator=C62(0805)
Added Component: Designator=K1(贴片按键)
Added Component: Designator=K2(2MM接线端子)
Added Component: Designator=K3(2MM接线端子)
Added Component: Designator=L1(0805)
Added Component: Designator=L2(0805)
Added Component: Designator=L3(0805)
Added Component: Designator=L4(0805)
Added Component: Designator=L5(0805)
Added Component: Designator=L6(0805)
Added Component: Designator=L7(0805)
Added Component: Designator=LED1(LED-0805)
Added Component: Designator=P1(2MM接线端子)
Added Component: Designator=P2(3MM接线端子)
Added Component: Designator=P3(3MM接线端子)
Added Component: Designator=P4(3MM接线端子)
Added Component: Designator=P5(3MM接线端子)
Added Component: Designator=Q1(BC847B)
Added Component: Designator=Q2(BC847B)
Added Component: Designator=Q3(BC847B)
Added Component: Designator=Q4(BC847B)
Added Component: Designator=Q5(BC847B)
Added Component: Designator=Q6(BC847B)
Added Component: Designator=Q7(BC847B)
Added Component: Designator=Q8(BC847B)
Added Component: Designator=Q9(BC847B)
Added Component: Designator=R1(0603)
Added Component: Designator=R2(0603)
Added Component: Designator=R3(0603)
Added Component: Designator=R4(0603)
Added Component: Designator=R5(0603)
Added Component: Designator=R6(0603)
Added Component: Designator=R7(0603)
Added Component: Designator=R8(0603)
Added Component: Designator=R9(0603)
Added Component: Designator=R10(0603)
Added Component: Designator=R11(0603)
Added Component: Designator=R12(0603)
Added Component: Designator=R13(0603)
Added Component: Designator=R14(0603)
Added Component: Designator=R15(0603)
Added Component: Designator=R16(0603)
Added Component: Designator=R17(0603)
Added Component: Designator=R18(0603)
Added Component: Designator=R19(0603)
Added Component: Designator=R20(0603)
Added Component: Designator=R21(0603)
Added Component: Designator=R22(0603)
Added Component: Designator=R23(0603)
Added Component: Designator=R24(0603)
Added Component: Designator=R25(0603)
Added Component: Designator=R26(0603)
Added Component: Designator=R27(0603)
Added Component: Designator=R28(0603)
Added Component: Designator=R29(0603)
Added Component: Designator=R30(0603)
Added Component: Designator=R31(0603)
Added Component: Designator=R32(0603)
Added Component: Designator=R33(0603)
Added Component: Designator=R34(0603)
Added Component: Designator=R35(0603)
Added Component: Designator=R36(0603)
Added Component: Designator=R37(0603)
Added Component: Designator=R38(0603)
Added Component: Designator=R39(0603)
Added Component: Designator=R40(0603)
Added Component: Designator=R41(0603)
Added Component: Designator=R42(0603)
Added Component: Designator=R43(0603)
Added Component: Designator=R44(0603)
Added Component: Designator=R45(0603)
Added Component: Designator=R46(0603)
Added Component: Designator=R47(0603)
Added Component: Designator=R48(0603)
Added Component: Designator=R49(0603)
Added Component: Designator=R50(0603)
Added Component: Designator=R51(0603)
Added Component: Designator=U1(74LVC4245-PW)
Added Component: Designator=U2(AD9851)
Added Component: Designator=U3(74LVC4245-PW)
Added Component: Designator=U4(X9C104)
Added Component: Designator=U5(74LVC4245-PW)
Added Component: Designator=U6(AD9851)
Added Component: Designator=U7(Stm32f407ZET6 - duplicate)
Added Component: Designator=U8(JTAG-20)
Added Component: Designator=U9(AT24C02)
Added Component: Designator=U10(OLED)
Added Component: Designator=U11(LT1963)
Added Component: Designator=X1(有源晶振7050)
Added Component: Designator=X2(有源晶振7050)
Added Component: Designator=X3(3225无源晶振)
Added Pin To Net: NetName=A1 Pin=P2-1
Added Pin To Net: NetName=A1 Pin=R25-2
Added Pin To Net: NetName=A1 Pin=U7-87
Added Net: Name=A1
Added Pin To Net: NetName=A2 Pin=P3-1
Added Pin To Net: NetName=A2 Pin=R26-2
Added Pin To Net: NetName=A2 Pin=U7-88
Added Net: Name=A2
Added Pin To Net: NetName=A3 Pin=P4-1
Added Pin To Net: NetName=A3 Pin=R30-2
Added Pin To Net: NetName=A3 Pin=U7-89
Added Net: Name=A3
Added Pin To Net: NetName=A4 Pin=P5-1
Added Pin To Net: NetName=A4 Pin=R31-2
Added Pin To Net: NetName=A4 Pin=U7-90
Added Net: Name=A4
Added Pin To Net: NetName=B1 Pin=P2-2
Added Pin To Net: NetName=B1 Pin=R28-2
Added Pin To Net: NetName=B1 Pin=U7-86
Added Net: Name=B1
Added Pin To Net: NetName=B2 Pin=P3-2
Added Pin To Net: NetName=B2 Pin=R29-2
Added Pin To Net: NetName=B2 Pin=U7-85
Added Net: Name=B2
Added Pin To Net: NetName=B3 Pin=P4-2
Added Pin To Net: NetName=B3 Pin=R32-2
Added Pin To Net: NetName=B3 Pin=U7-91
Added Net: Name=B3
Added Pin To Net: NetName=B4 Pin=P5-2
Added Pin To Net: NetName=B4 Pin=R33-2
Added Pin To Net: NetName=B4 Pin=U7-92
Added Net: Name=B4
Added Pin To Net: NetName=BOOT0 Pin=R17-2
Added Pin To Net: NetName=BOOT0 Pin=U7-138
Added Net: Name=BOOT0
Added Pin To Net: NetName=BOOT1 Pin=R18-2
Added Pin To Net: NetName=BOOT1 Pin=U7-48
Added Net: Name=BOOT1
Added Pin To Net: NetName=C\S\ Pin=U3-8
Added Pin To Net: NetName=C\S\ Pin=U4-7
Added Net: Name=C\S\
Added Pin To Net: NetName=CLOCK1 Pin=C8-2
Added Pin To Net: NetName=CLOCK1 Pin=U2-9
Added Pin To Net: NetName=CLOCK1 Pin=X1-3
Added Net: Name=CLOCK1
Added Pin To Net: NetName=CLOCK2 Pin=C26-2
Added Pin To Net: NetName=CLOCK2 Pin=U6-9
Added Pin To Net: NetName=CLOCK2 Pin=X2-3
Added Net: Name=CLOCK2
Added Pin To Net: NetName=FQ_UD1 Pin=U2-8
Added Pin To Net: NetName=FQ_UD1 Pin=U3-5
Added Net: Name=FQ_UD1
Added Pin To Net: NetName=FQ_UD2 Pin=U3-10
Added Pin To Net: NetName=FQ_UD2 Pin=U6-8
Added Net: Name=FQ_UD2
Added Pin To Net: NetName=GND Pin=C4-1
Added Pin To Net: NetName=GND Pin=C5-1
Added Pin To Net: NetName=GND Pin=C6-1
Added Pin To Net: NetName=GND Pin=C7-1
Added Pin To Net: NetName=GND Pin=C8-1
Added Pin To Net: NetName=GND Pin=C9-1
Added Pin To Net: NetName=GND Pin=C10-1
Added Pin To Net: NetName=GND Pin=C11-1
Added Pin To Net: NetName=GND Pin=C12-1
Added Pin To Net: NetName=GND Pin=C13-1
Added Pin To Net: NetName=GND Pin=C14-1
Added Pin To Net: NetName=GND Pin=C15-1
Added Pin To Net: NetName=GND Pin=C16-1
Added Pin To Net: NetName=GND Pin=C17-1
Added Pin To Net: NetName=GND Pin=C18-1
Added Pin To Net: NetName=GND Pin=C22-1
Added Pin To Net: NetName=GND Pin=C23-1
Added Pin To Net: NetName=GND Pin=C24-1
Added Pin To Net: NetName=GND Pin=C25-1
Added Pin To Net: NetName=GND Pin=C26-1
Added Pin To Net: NetName=GND Pin=C27-2
Added Pin To Net: NetName=GND Pin=C28-2
Added Pin To Net: NetName=GND Pin=C29-2
Added Pin To Net: NetName=GND Pin=C30-2
Added Pin To Net: NetName=GND Pin=C31-2
Added Pin To Net: NetName=GND Pin=C32-2
Added Pin To Net: NetName=GND Pin=C33-2
Added Pin To Net: NetName=GND Pin=C34-2
Added Pin To Net: NetName=GND Pin=C35-1
Added Pin To Net: NetName=GND Pin=C36-1
Added Pin To Net: NetName=GND Pin=C37-1
Added Pin To Net: NetName=GND Pin=C38-1
Added Pin To Net: NetName=GND Pin=C39-1
Added Pin To Net: NetName=GND Pin=C40-1
Added Pin To Net: NetName=GND Pin=C41-1
Added Pin To Net: NetName=GND Pin=C42-1
Added Pin To Net: NetName=GND Pin=C43-1
Added Pin To Net: NetName=GND Pin=C44-1
Added Pin To Net: NetName=GND Pin=C45-1
Added Pin To Net: NetName=GND Pin=C46-1
Added Pin To Net: NetName=GND Pin=C47-1
Added Pin To Net: NetName=GND Pin=C48-1
Added Pin To Net: NetName=GND Pin=C49-1
Added Pin To Net: NetName=GND Pin=C50-1
Added Pin To Net: NetName=GND Pin=C51-1
Added Pin To Net: NetName=GND Pin=C52-1
Added Pin To Net: NetName=GND Pin=C53-2
Added Pin To Net: NetName=GND Pin=C54-2
Added Pin To Net: NetName=GND Pin=C55-1
Added Pin To Net: NetName=GND Pin=C56-2
Added Pin To Net: NetName=GND Pin=C57-2
Added Pin To Net: NetName=GND Pin=C58-2
Added Pin To Net: NetName=GND Pin=C59-2
Added Pin To Net: NetName=GND Pin=C60-1
Added Pin To Net: NetName=GND Pin=C61-1
Added Pin To Net: NetName=GND Pin=C62-2
Added Pin To Net: NetName=GND Pin=K1-1
Added Pin To Net: NetName=GND Pin=LED1-2
Added Pin To Net: NetName=GND Pin=P1-1
Added Pin To Net: NetName=GND Pin=Q1-1
Added Pin To Net: NetName=GND Pin=Q2-1
Added Pin To Net: NetName=GND Pin=Q3-1
Added Pin To Net: NetName=GND Pin=Q4-1
Added Pin To Net: NetName=GND Pin=Q5-1
Added Pin To Net: NetName=GND Pin=Q6-1
Added Pin To Net: NetName=GND Pin=Q7-1
Added Pin To Net: NetName=GND Pin=Q8-1
Added Pin To Net: NetName=GND Pin=Q9-1
Added Pin To Net: NetName=GND Pin=R2-1
Added Pin To Net: NetName=GND Pin=R3-1
Added Pin To Net: NetName=GND Pin=R4-1
Added Pin To Net: NetName=GND Pin=R5-1
Added Pin To Net: NetName=GND Pin=R6-1
Added Pin To Net: NetName=GND Pin=R7-1
Added Pin To Net: NetName=GND Pin=R8-1
Added Pin To Net: NetName=GND Pin=R9-2
Added Pin To Net: NetName=GND Pin=R10-2
Added Pin To Net: NetName=GND Pin=R14-1
Added Pin To Net: NetName=GND Pin=R17-1
Added Pin To Net: NetName=GND Pin=R18-1
Added Pin To Net: NetName=GND Pin=R23-1
Added Pin To Net: NetName=GND Pin=R25-1
Added Pin To Net: NetName=GND Pin=R26-1
Added Pin To Net: NetName=GND Pin=R28-1
Added Pin To Net: NetName=GND Pin=R29-1
Added Pin To Net: NetName=GND Pin=R30-1
Added Pin To Net: NetName=GND Pin=R31-1
Added Pin To Net: NetName=GND Pin=R32-1
Added Pin To Net: NetName=GND Pin=R33-1
Added Pin To Net: NetName=GND Pin=U1-2
Added Pin To Net: NetName=GND Pin=U1-11
Added Pin To Net: NetName=GND Pin=U1-12
Added Pin To Net: NetName=GND Pin=U1-13
Added Pin To Net: NetName=GND Pin=U1-22
Added Pin To Net: NetName=GND Pin=U2-5
Added Pin To Net: NetName=GND Pin=U2-10
Added Pin To Net: NetName=GND Pin=U2-19
Added Pin To Net: NetName=GND Pin=U2-24
Added Pin To Net: NetName=GND Pin=U3-2
Added Pin To Net: NetName=GND Pin=U3-11
Added Pin To Net: NetName=GND Pin=U3-12
Added Pin To Net: NetName=GND Pin=U3-13
Added Pin To Net: NetName=GND Pin=U3-22
Added Pin To Net: NetName=GND Pin=U4-4
Added Pin To Net: NetName=GND Pin=U5-2
Added Pin To Net: NetName=GND Pin=U5-11
Added Pin To Net: NetName=GND Pin=U5-12
Added Pin To Net: NetName=GND Pin=U5-13
Added Pin To Net: NetName=GND Pin=U5-22
Added Pin To Net: NetName=GND Pin=U6-5
Added Pin To Net: NetName=GND Pin=U6-10
Added Pin To Net: NetName=GND Pin=U6-19
Added Pin To Net: NetName=GND Pin=U6-24
Added Pin To Net: NetName=GND Pin=U7-16
Added Pin To Net: NetName=GND Pin=U7-31
Added Pin To Net: NetName=GND Pin=U7-38
Added Pin To Net: NetName=GND Pin=U7-51
Added Pin To Net: NetName=GND Pin=U7-61
Added Pin To Net: NetName=GND Pin=U7-83
Added Pin To Net: NetName=GND Pin=U7-94
Added Pin To Net: NetName=GND Pin=U7-107
Added Pin To Net: NetName=GND Pin=U7-120
Added Pin To Net: NetName=GND Pin=U7-130
Added Pin To Net: NetName=GND Pin=U8-4
Added Pin To Net: NetName=GND Pin=U8-6
Added Pin To Net: NetName=GND Pin=U8-8
Added Pin To Net: NetName=GND Pin=U8-10
Added Pin To Net: NetName=GND Pin=U8-12
Added Pin To Net: NetName=GND Pin=U8-14
Added Pin To Net: NetName=GND Pin=U8-16
Added Pin To Net: NetName=GND Pin=U8-18
Added Pin To Net: NetName=GND Pin=U8-20
Added Pin To Net: NetName=GND Pin=U9-1
Added Pin To Net: NetName=GND Pin=U9-2
Added Pin To Net: NetName=GND Pin=U9-3
Added Pin To Net: NetName=GND Pin=U9-4
Added Pin To Net: NetName=GND Pin=U9-7
Added Pin To Net: NetName=GND Pin=U10-1
Added Pin To Net: NetName=GND Pin=U11-3
Added Pin To Net: NetName=GND Pin=U11-6
Added Pin To Net: NetName=GND Pin=U11-7
Added Pin To Net: NetName=GND Pin=X1-2
Added Pin To Net: NetName=GND Pin=X2-2
Added Pin To Net: NetName=GND Pin=X3-2
Added Pin To Net: NetName=GND Pin=X3-4
Added Net: Name=GND
Added Pin To Net: NetName=I\N\C\ Pin=U3-6
Added Pin To Net: NetName=I\N\C\ Pin=U4-1
Added Net: Name=I\N\C\
Added Pin To Net: NetName=NetC1_1 Pin=C1-1
Added Pin To Net: NetName=NetC1_1 Pin=C2-2
Added Pin To Net: NetName=NetC1_1 Pin=C5-2
Added Pin To Net: NetName=NetC1_1 Pin=L1-2
Added Pin To Net: NetName=NetC1_1 Pin=L2-1
Added Net: Name=NetC1_1
Added Pin To Net: NetName=NetC1_2 Pin=C1-2
Added Pin To Net: NetName=NetC1_2 Pin=C4-2
Added Pin To Net: NetName=NetC1_2 Pin=L1-1
Added Pin To Net: NetName=NetC1_2 Pin=R2-2
Added Pin To Net: NetName=NetC1_2 Pin=U2-21
Added Net: Name=NetC1_2
Added Pin To Net: NetName=NetC2_1 Pin=C2-1
Added Pin To Net: NetName=NetC2_1 Pin=C3-2
Added Pin To Net: NetName=NetC2_1 Pin=C6-2
Added Pin To Net: NetName=NetC2_1 Pin=L2-2
Added Pin To Net: NetName=NetC2_1 Pin=L3-1
Added Net: Name=NetC2_1
Added Pin To Net: NetName=NetC19_1 Pin=C19-1
Added Pin To Net: NetName=NetC19_1 Pin=C20-2
Added Pin To Net: NetName=NetC19_1 Pin=C23-2
Added Pin To Net: NetName=NetC19_1 Pin=L4-2
Added Pin To Net: NetName=NetC19_1 Pin=L5-1
Added Net: Name=NetC19_1
Added Pin To Net: NetName=NetC19_2 Pin=C19-2
Added Pin To Net: NetName=NetC19_2 Pin=C22-2
Added Pin To Net: NetName=NetC19_2 Pin=L4-1
Added Pin To Net: NetName=NetC19_2 Pin=R6-2
Added Pin To Net: NetName=NetC19_2 Pin=U6-21
Added Net: Name=NetC19_2
Added Pin To Net: NetName=NetC20_1 Pin=C20-1
Added Pin To Net: NetName=NetC20_1 Pin=C21-2
Added Pin To Net: NetName=NetC20_1 Pin=C24-2
Added Pin To Net: NetName=NetC20_1 Pin=L5-2
Added Pin To Net: NetName=NetC20_1 Pin=L6-1
Added Net: Name=NetC20_1
Added Pin To Net: NetName=NetC21_1 Pin=C21-1
Added Pin To Net: NetName=NetC21_1 Pin=C25-2
Added Pin To Net: NetName=NetC21_1 Pin=L6-2
Added Pin To Net: NetName=NetC21_1 Pin=R7-2
Added Pin To Net: NetName=NetC21_1 Pin=U6-16
Added Net: Name=NetC21_1
Added Pin To Net: NetName=NetC34_1 Pin=C34-1
Added Pin To Net: NetName=NetC34_1 Pin=U7-106
Added Net: Name=NetC34_1
Added Pin To Net: NetName=NetC35_2 Pin=C35-2
Added Pin To Net: NetName=NetC35_2 Pin=R15-2
Added Pin To Net: NetName=NetC35_2 Pin=U7-23
Added Pin To Net: NetName=NetC35_2 Pin=X3-1
Added Net: Name=NetC35_2
Added Pin To Net: NetName=NetC36_2 Pin=C36-2
Added Pin To Net: NetName=NetC36_2 Pin=R15-1
Added Pin To Net: NetName=NetC36_2 Pin=U7-24
Added Pin To Net: NetName=NetC36_2 Pin=X3-3
Added Net: Name=NetC36_2
Added Pin To Net: NetName=NetC38_2 Pin=C38-2
Added Pin To Net: NetName=NetC38_2 Pin=U7-71
Added Net: Name=NetC38_2
Added Pin To Net: NetName=NetJ5_1 Pin=Q5-3
Added Pin To Net: NetName=NetJ5_1 Pin=R38-1
Added Net: Name=NetJ5_1
Added Pin To Net: NetName=NetJ5_2 Pin=Q4-3
Added Pin To Net: NetName=NetJ5_2 Pin=R37-1
Added Net: Name=NetJ5_2
Added Pin To Net: NetName=NetJ5_3 Pin=Q2-3
Added Pin To Net: NetName=NetJ5_3 Pin=R35-1
Added Net: Name=NetJ5_3
Added Pin To Net: NetName=NetJ5_4 Pin=Q3-3
Added Pin To Net: NetName=NetJ5_4 Pin=R36-1
Added Net: Name=NetJ5_4
Added Pin To Net: NetName=NetJ5_5 Pin=Q6-3
Added Pin To Net: NetName=NetJ5_5 Pin=R43-1
Added Net: Name=NetJ5_5
Added Pin To Net: NetName=NetJ5_6 Pin=Q7-3
Added Pin To Net: NetName=NetJ5_6 Pin=R44-1
Added Net: Name=NetJ5_6
Added Pin To Net: NetName=NetJ5_7 Pin=Q8-3
Added Pin To Net: NetName=NetJ5_7 Pin=R45-1
Added Net: Name=NetJ5_7
Added Pin To Net: NetName=NetJ5_8 Pin=Q9-3
Added Pin To Net: NetName=NetJ5_8 Pin=R46-1
Added Net: Name=NetJ5_8
Added Pin To Net: NetName=NetJ5_19 Pin=K2-2
Added Net: Name=NetJ5_19
Added Pin To Net: NetName=NetJ5_20 Pin=U6-13
Added Net: Name=NetJ5_20
Added Pin To Net: NetName=NetK2_1 Pin=K2-1
Added Pin To Net: NetName=NetK2_1 Pin=K3-2
Added Net: Name=NetK2_1
Added Pin To Net: NetName=NetK3_1 Pin=K3-1
Added Pin To Net: NetName=NetK3_1 Pin=R34-2
Added Net: Name=NetK3_1
Added Pin To Net: NetName=NetLED1_1 Pin=LED1-1
Added Pin To Net: NetName=NetLED1_1 Pin=R51-1
Added Net: Name=NetLED1_1
Added Pin To Net: NetName=NetQ1_2 Pin=Q1-2
Added Pin To Net: NetName=NetQ1_2 Pin=R13-1
Added Net: Name=NetQ1_2
Added Pin To Net: NetName=NetQ2_2 Pin=Q2-2
Added Pin To Net: NetName=NetQ2_2 Pin=R39-1
Added Net: Name=NetQ2_2
Added Pin To Net: NetName=NetQ3_2 Pin=Q3-2
Added Pin To Net: NetName=NetQ3_2 Pin=R40-1
Added Net: Name=NetQ3_2
Added Pin To Net: NetName=NetQ4_2 Pin=Q4-2
Added Pin To Net: NetName=NetQ4_2 Pin=R42-1
Added Net: Name=NetQ4_2
Added Pin To Net: NetName=NetQ5_2 Pin=Q5-2
Added Pin To Net: NetName=NetQ5_2 Pin=R41-1
Added Net: Name=NetQ5_2
Added Pin To Net: NetName=NetQ6_2 Pin=Q6-2
Added Pin To Net: NetName=NetQ6_2 Pin=R47-1
Added Net: Name=NetQ6_2
Added Pin To Net: NetName=NetQ7_2 Pin=Q7-2
Added Pin To Net: NetName=NetQ7_2 Pin=R48-1
Added Net: Name=NetQ7_2
Added Pin To Net: NetName=NetQ8_2 Pin=Q8-2
Added Pin To Net: NetName=NetQ8_2 Pin=R49-1
Added Net: Name=NetQ8_2
Added Pin To Net: NetName=NetQ9_2 Pin=Q9-2
Added Pin To Net: NetName=NetQ9_2 Pin=R50-1
Added Net: Name=NetQ9_2
Added Pin To Net: NetName=NetR4_2 Pin=R4-2
Added Pin To Net: NetName=NetR4_2 Pin=U2-20
Added Net: Name=NetR4_2
Added Pin To Net: NetName=NetR5_2 Pin=R5-2
Added Pin To Net: NetName=NetR5_2 Pin=X1-1
Added Net: Name=NetR5_2
Added Pin To Net: NetName=NetR8_2 Pin=R8-2
Added Pin To Net: NetName=NetR8_2 Pin=U6-20
Added Net: Name=NetR8_2
Added Pin To Net: NetName=NetR9_1 Pin=R9-1
Added Pin To Net: NetName=NetR9_1 Pin=U6-12
Added Net: Name=NetR9_1
Added Pin To Net: NetName=NetR10_1 Pin=R10-1
Added Pin To Net: NetName=NetR10_1 Pin=R11-2
Added Pin To Net: NetName=NetR10_1 Pin=U6-15
Added Net: Name=NetR10_1
Added Pin To Net: NetName=NetR13_2 Pin=R13-2
Added Pin To Net: NetName=NetR13_2 Pin=U7-5
Added Net: Name=NetR13_2
Added Pin To Net: NetName=NetR14_2 Pin=R14-2
Added Pin To Net: NetName=NetR14_2 Pin=X2-1
Added Net: Name=NetR14_2
Added Pin To Net: NetName=NetR24_2 Pin=R24-2
Added Pin To Net: NetName=NetR24_2 Pin=U7-100
Added Pin To Net: NetName=NetR24_2 Pin=U9-6
Added Net: Name=NetR24_2
Added Pin To Net: NetName=NetR27_2 Pin=R27-2
Added Pin To Net: NetName=NetR27_2 Pin=U7-101
Added Pin To Net: NetName=NetR27_2 Pin=U9-5
Added Net: Name=NetR27_2
Added Pin To Net: NetName=NetR39_2 Pin=R39-2
Added Pin To Net: NetName=NetR39_2 Pin=U7-57
Added Net: Name=NetR39_2
Added Pin To Net: NetName=NetR40_2 Pin=R40-2
Added Pin To Net: NetName=NetR40_2 Pin=U7-56
Added Net: Name=NetR40_2
Added Pin To Net: NetName=NetR41_2 Pin=R41-2
Added Pin To Net: NetName=NetR41_2 Pin=U7-59
Added Net: Name=NetR41_2
Added Pin To Net: NetName=NetR42_2 Pin=R42-2
Added Pin To Net: NetName=NetR42_2 Pin=U7-58
Added Net: Name=NetR42_2
Added Pin To Net: NetName=NetR47_2 Pin=R47-2
Added Pin To Net: NetName=NetR47_2 Pin=U7-55
Added Net: Name=NetR47_2
Added Pin To Net: NetName=NetR48_2 Pin=R48-2
Added Pin To Net: NetName=NetR48_2 Pin=U7-54
Added Net: Name=NetR48_2
Added Pin To Net: NetName=NetR49_2 Pin=R49-2
Added Pin To Net: NetName=NetR49_2 Pin=U7-64
Added Net: Name=NetR49_2
Added Pin To Net: NetName=NetR50_2 Pin=R50-2
Added Pin To Net: NetName=NetR50_2 Pin=U7-65
Added Net: Name=NetR50_2
Added Pin To Net: NetName=NetU1_3 Pin=U1-3
Added Pin To Net: NetName=NetU1_3 Pin=U2-25
Added Net: Name=NetU1_3
Added Pin To Net: NetName=NetU1_4 Pin=U1-4
Added Pin To Net: NetName=NetU1_4 Pin=U2-26
Added Net: Name=NetU1_4
Added Pin To Net: NetName=NetU1_5 Pin=U1-5
Added Pin To Net: NetName=NetU1_5 Pin=U2-27
Added Net: Name=NetU1_5
Added Pin To Net: NetName=NetU1_6 Pin=U1-6
Added Pin To Net: NetName=NetU1_6 Pin=U2-28
Added Net: Name=NetU1_6
Added Pin To Net: NetName=NetU1_7 Pin=U1-7
Added Pin To Net: NetName=NetU1_7 Pin=U2-1
Added Net: Name=NetU1_7
Added Pin To Net: NetName=NetU1_8 Pin=U1-8
Added Pin To Net: NetName=NetU1_8 Pin=U2-2
Added Net: Name=NetU1_8
Added Pin To Net: NetName=NetU1_9 Pin=U1-9
Added Pin To Net: NetName=NetU1_9 Pin=U2-3
Added Net: Name=NetU1_9
Added Pin To Net: NetName=NetU1_10 Pin=U1-10
Added Pin To Net: NetName=NetU1_10 Pin=U2-4
Added Net: Name=NetU1_10
Added Pin To Net: NetName=NetU1_14 Pin=U1-14
Added Net: Name=NetU1_14
Added Pin To Net: NetName=NetU1_15 Pin=U1-15
Added Net: Name=NetU1_15
Added Pin To Net: NetName=NetU1_16 Pin=U1-16
Added Net: Name=NetU1_16
Added Pin To Net: NetName=NetU1_17 Pin=U1-17
Added Net: Name=NetU1_17
Added Pin To Net: NetName=NetU1_18 Pin=U1-18
Added Net: Name=NetU1_18
Added Pin To Net: NetName=NetU1_19 Pin=U1-19
Added Net: Name=NetU1_19
Added Pin To Net: NetName=NetU1_20 Pin=U1-20
Added Net: Name=NetU1_20
Added Pin To Net: NetName=NetU1_21 Pin=U1-21
Added Net: Name=NetU1_21
Added Pin To Net: NetName=NetU2_12 Pin=U2-12
Added Pin To Net: NetName=NetU2_12 Pin=U4-3
Added Net: Name=NetU2_12
Added Pin To Net: NetName=NetU3_14 Pin=U3-14
Added Pin To Net: NetName=NetU3_14 Pin=U7-7
Added Net: Name=NetU3_14
Added Pin To Net: NetName=NetU3_15 Pin=U3-15
Added Pin To Net: NetName=NetU3_15 Pin=U7-10
Added Net: Name=NetU3_15
Added Pin To Net: NetName=NetU3_16 Pin=U3-16
Added Pin To Net: NetName=NetU3_16 Pin=U7-11
Added Net: Name=NetU3_16
Added Pin To Net: NetName=NetU3_17 Pin=U3-17
Added Pin To Net: NetName=NetU3_17 Pin=U7-12
Added Net: Name=NetU3_17
Added Pin To Net: NetName=NetU3_18 Pin=U3-18
Added Pin To Net: NetName=NetU3_18 Pin=U7-13
Added Net: Name=NetU3_18
Added Pin To Net: NetName=NetU3_19 Pin=U3-19
Added Net: Name=NetU3_19
Added Pin To Net: NetName=NetU3_20 Pin=U3-20
Added Net: Name=NetU3_20
Added Pin To Net: NetName=NetU3_21 Pin=U3-21
Added Net: Name=NetU3_21
Added Pin To Net: NetName=NetU4_5 Pin=U4-5
Added Net: Name=NetU4_5
Added Pin To Net: NetName=NetU5_3 Pin=U5-3
Added Pin To Net: NetName=NetU5_3 Pin=U6-25
Added Net: Name=NetU5_3
Added Pin To Net: NetName=NetU5_4 Pin=U5-4
Added Pin To Net: NetName=NetU5_4 Pin=U6-26
Added Net: Name=NetU5_4
Added Pin To Net: NetName=NetU5_5 Pin=U5-5
Added Pin To Net: NetName=NetU5_5 Pin=U6-27
Added Net: Name=NetU5_5
Added Pin To Net: NetName=NetU5_6 Pin=U5-6
Added Pin To Net: NetName=NetU5_6 Pin=U6-28
Added Net: Name=NetU5_6
Added Pin To Net: NetName=NetU5_7 Pin=U5-7
Added Pin To Net: NetName=NetU5_7 Pin=U6-1
Added Net: Name=NetU5_7
Added Pin To Net: NetName=NetU5_8 Pin=U5-8
Added Pin To Net: NetName=NetU5_8 Pin=U6-2
Added Net: Name=NetU5_8
Added Pin To Net: NetName=NetU5_9 Pin=U5-9
Added Pin To Net: NetName=NetU5_9 Pin=U6-3
Added Net: Name=NetU5_9
Added Pin To Net: NetName=NetU5_10 Pin=U5-10
Added Pin To Net: NetName=NetU5_10 Pin=U6-4
Added Net: Name=NetU5_10
Added Pin To Net: NetName=NetU5_14 Pin=U5-14
Added Pin To Net: NetName=NetU5_14 Pin=U7-4
Added Net: Name=NetU5_14
Added Pin To Net: NetName=NetU5_15 Pin=U5-15
Added Pin To Net: NetName=NetU5_15 Pin=U7-3
Added Net: Name=NetU5_15
Added Pin To Net: NetName=NetU5_16 Pin=U5-16
Added Pin To Net: NetName=NetU5_16 Pin=U7-2
Added Net: Name=NetU5_16
Added Pin To Net: NetName=NetU5_17 Pin=U5-17
Added Pin To Net: NetName=NetU5_17 Pin=U7-1
Added Net: Name=NetU5_17
Added Pin To Net: NetName=NetU5_18 Pin=U5-18
Added Pin To Net: NetName=NetU5_18 Pin=U7-142
Added Net: Name=NetU5_18
Added Pin To Net: NetName=NetU5_19 Pin=U5-19
Added Pin To Net: NetName=NetU5_19 Pin=U7-141
Added Net: Name=NetU5_19
Added Pin To Net: NetName=NetU5_20 Pin=U5-20
Added Pin To Net: NetName=NetU5_20 Pin=U7-140
Added Net: Name=NetU5_20
Added Pin To Net: NetName=NetU5_21 Pin=U5-21
Added Pin To Net: NetName=NetU5_21 Pin=U7-139
Added Net: Name=NetU5_21
Added Pin To Net: NetName=NetU7_14 Pin=U7-14
Added Net: Name=NetU7_14
Added Pin To Net: NetName=NetU7_15 Pin=U7-15
Added Net: Name=NetU7_15
Added Pin To Net: NetName=NetU7_18 Pin=U7-18
Added Net: Name=NetU7_18
Added Pin To Net: NetName=NetU7_19 Pin=U7-19
Added Net: Name=NetU7_19
Added Pin To Net: NetName=NetU7_27 Pin=U7-27
Added Net: Name=NetU7_27
Added Pin To Net: NetName=NetU7_28 Pin=U7-28
Added Net: Name=NetU7_28
Added Pin To Net: NetName=NetU7_34 Pin=U7-34
Added Net: Name=NetU7_34
Added Pin To Net: NetName=NetU7_35 Pin=U7-35
Added Net: Name=NetU7_35
Added Pin To Net: NetName=NetU7_36 Pin=U7-36
Added Net: Name=NetU7_36
Added Pin To Net: NetName=NetU7_40 Pin=U7-40
Added Net: Name=NetU7_40
Added Pin To Net: NetName=NetU7_42 Pin=U7-42
Added Net: Name=NetU7_42
Added Pin To Net: NetName=NetU7_43 Pin=U7-43
Added Net: Name=NetU7_43
Added Pin To Net: NetName=NetU7_73 Pin=U7-73
Added Pin To Net: NetName=NetU7_73 Pin=U10-6
Added Net: Name=NetU7_73
Added Pin To Net: NetName=NetU7_74 Pin=U7-74
Added Pin To Net: NetName=NetU7_74 Pin=U10-5
Added Net: Name=NetU7_74
Added Pin To Net: NetName=NetU7_75 Pin=U7-75
Added Pin To Net: NetName=NetU7_75 Pin=U10-4
Added Net: Name=NetU7_75
Added Pin To Net: NetName=NetU7_76 Pin=U7-76
Added Pin To Net: NetName=NetU7_76 Pin=U10-3
Added Net: Name=NetU7_76
Added Pin To Net: NetName=NTRST Pin=R19-1
Added Pin To Net: NetName=NTRST Pin=U7-134
Added Pin To Net: NetName=NTRST Pin=U8-3
Added Net: Name=NTRST
Added Pin To Net: NetName=OUT1 Pin=C3-1
Added Pin To Net: NetName=OUT1 Pin=C7-2
Added Pin To Net: NetName=OUT1 Pin=L3-2
Added Pin To Net: NetName=OUT1 Pin=P1-2
Added Pin To Net: NetName=OUT1 Pin=R3-2
Added Net: Name=OUT1
Added Pin To Net: NetName=RESET1 Pin=R1-1
Added Pin To Net: NetName=RESET1 Pin=U2-22
Added Pin To Net: NetName=RESET1 Pin=U3-4
Added Net: Name=RESET1
Added Pin To Net: NetName=RESET2 Pin=Q1-3
Added Pin To Net: NetName=RESET2 Pin=R12-1
Added Pin To Net: NetName=RESET2 Pin=U6-22
Added Net: Name=RESET2
Added Pin To Net: NetName=RESET Pin=C37-2
Added Pin To Net: NetName=RESET Pin=K1-2
Added Pin To Net: NetName=RESET Pin=R16-1
Added Pin To Net: NetName=RESET Pin=U7-25
Added Pin To Net: NetName=RESET Pin=U8-15
Added Net: Name=RESET
Added Pin To Net: NetName=TCK Pin=R23-2
Added Pin To Net: NetName=TCK Pin=U7-109
Added Pin To Net: NetName=TCK Pin=U8-9
Added Net: Name=TCK
Added Pin To Net: NetName=TDI Pin=R20-1
Added Pin To Net: NetName=TDI Pin=U7-110
Added Pin To Net: NetName=TDI Pin=U8-5
Added Net: Name=TDI
Added Pin To Net: NetName=TDO Pin=R22-1
Added Pin To Net: NetName=TDO Pin=U7-133
Added Pin To Net: NetName=TDO Pin=U8-13
Added Net: Name=TDO
Added Pin To Net: NetName=TMS Pin=R21-1
Added Pin To Net: NetName=TMS Pin=U7-105
Added Pin To Net: NetName=TMS Pin=U8-7
Added Net: Name=TMS
Added Pin To Net: NetName=U/D\ Pin=U3-7
Added Pin To Net: NetName=U/D\ Pin=U4-2
Added Net: Name=U/D\
Added Pin To Net: NetName=VCC-5 Pin=C9-2
Added Pin To Net: NetName=VCC-5 Pin=C10-2
Added Pin To Net: NetName=VCC-5 Pin=C11-2
Added Pin To Net: NetName=VCC-5 Pin=C12-2
Added Pin To Net: NetName=VCC-5 Pin=C13-2
Added Pin To Net: NetName=VCC-5 Pin=C14-2
Added Pin To Net: NetName=VCC-5 Pin=C15-2
Added Pin To Net: NetName=VCC-5 Pin=C16-2
Added Pin To Net: NetName=VCC-5 Pin=C28-1
Added Pin To Net: NetName=VCC-5 Pin=C29-1
Added Pin To Net: NetName=VCC-5 Pin=C30-1
Added Pin To Net: NetName=VCC-5 Pin=C31-1
Added Pin To Net: NetName=VCC-5 Pin=C32-1
Added Pin To Net: NetName=VCC-5 Pin=C33-1
Added Pin To Net: NetName=VCC-5 Pin=C58-1
Added Pin To Net: NetName=VCC-5 Pin=C59-1
Added Pin To Net: NetName=VCC-5 Pin=C60-2
Added Pin To Net: NetName=VCC-5 Pin=R1-2
Added Pin To Net: NetName=VCC-5 Pin=R11-1
Added Pin To Net: NetName=VCC-5 Pin=R12-2
Added Pin To Net: NetName=VCC-5 Pin=R34-1
Added Pin To Net: NetName=VCC-5 Pin=R35-2
Added Pin To Net: NetName=VCC-5 Pin=R36-2
Added Pin To Net: NetName=VCC-5 Pin=R37-2
Added Pin To Net: NetName=VCC-5 Pin=R38-2
Added Pin To Net: NetName=VCC-5 Pin=R43-2
Added Pin To Net: NetName=VCC-5 Pin=R44-2
Added Pin To Net: NetName=VCC-5 Pin=R45-2
Added Pin To Net: NetName=VCC-5 Pin=R46-2
Added Pin To Net: NetName=VCC-5 Pin=U1-1
Added Pin To Net: NetName=VCC-5 Pin=U2-6
Added Pin To Net: NetName=VCC-5 Pin=U2-11
Added Pin To Net: NetName=VCC-5 Pin=U2-18
Added Pin To Net: NetName=VCC-5 Pin=U2-23
Added Pin To Net: NetName=VCC-5 Pin=U3-1
Added Pin To Net: NetName=VCC-5 Pin=U4-8
Added Pin To Net: NetName=VCC-5 Pin=U5-1
Added Pin To Net: NetName=VCC-5 Pin=U6-6
Added Pin To Net: NetName=VCC-5 Pin=U6-11
Added Pin To Net: NetName=VCC-5 Pin=U6-18
Added Pin To Net: NetName=VCC-5 Pin=U6-23
Added Pin To Net: NetName=VCC-5 Pin=U11-5
Added Pin To Net: NetName=VCC-5 Pin=U11-8
Added Pin To Net: NetName=VCC-5 Pin=X1-4
Added Pin To Net: NetName=VCC-5 Pin=X2-4
Added Net: Name=VCC-5
Added Pin To Net: NetName=VDD-3.3 Pin=C17-2
Added Pin To Net: NetName=VDD-3.3 Pin=C18-2
Added Pin To Net: NetName=VDD-3.3 Pin=C27-1
Added Pin To Net: NetName=VDD-3.3 Pin=C40-2
Added Pin To Net: NetName=VDD-3.3 Pin=C41-2
Added Pin To Net: NetName=VDD-3.3 Pin=C42-2
Added Pin To Net: NetName=VDD-3.3 Pin=C43-2
Added Pin To Net: NetName=VDD-3.3 Pin=C44-2
Added Pin To Net: NetName=VDD-3.3 Pin=C45-2
Added Pin To Net: NetName=VDD-3.3 Pin=C46-2
Added Pin To Net: NetName=VDD-3.3 Pin=C47-2
Added Pin To Net: NetName=VDD-3.3 Pin=C48-2
Added Pin To Net: NetName=VDD-3.3 Pin=C49-2
Added Pin To Net: NetName=VDD-3.3 Pin=C50-2
Added Pin To Net: NetName=VDD-3.3 Pin=C51-2
Added Pin To Net: NetName=VDD-3.3 Pin=C52-2
Added Pin To Net: NetName=VDD-3.3 Pin=C53-1
Added Pin To Net: NetName=VDD-3.3 Pin=C54-1
Added Pin To Net: NetName=VDD-3.3 Pin=C55-2
Added Pin To Net: NetName=VDD-3.3 Pin=C56-1
Added Pin To Net: NetName=VDD-3.3 Pin=C57-1
Added Pin To Net: NetName=VDD-3.3 Pin=C61-2
Added Pin To Net: NetName=VDD-3.3 Pin=C62-1
Added Pin To Net: NetName=VDD-3.3 Pin=L7-1
Added Pin To Net: NetName=VDD-3.3 Pin=P2-3
Added Pin To Net: NetName=VDD-3.3 Pin=P3-3
Added Pin To Net: NetName=VDD-3.3 Pin=P4-3
Added Pin To Net: NetName=VDD-3.3 Pin=P5-3
Added Pin To Net: NetName=VDD-3.3 Pin=R16-2
Added Pin To Net: NetName=VDD-3.3 Pin=R19-2
Added Pin To Net: NetName=VDD-3.3 Pin=R20-2
Added Pin To Net: NetName=VDD-3.3 Pin=R21-2
Added Pin To Net: NetName=VDD-3.3 Pin=R22-2
Added Pin To Net: NetName=VDD-3.3 Pin=R24-1
Added Pin To Net: NetName=VDD-3.3 Pin=R27-1
Added Pin To Net: NetName=VDD-3.3 Pin=R51-2
Added Pin To Net: NetName=VDD-3.3 Pin=U1-23
Added Pin To Net: NetName=VDD-3.3 Pin=U1-24
Added Pin To Net: NetName=VDD-3.3 Pin=U3-23
Added Pin To Net: NetName=VDD-3.3 Pin=U3-24
Added Pin To Net: NetName=VDD-3.3 Pin=U5-23
Added Pin To Net: NetName=VDD-3.3 Pin=U5-24
Added Pin To Net: NetName=VDD-3.3 Pin=U7-17
Added Pin To Net: NetName=VDD-3.3 Pin=U7-30
Added Pin To Net: NetName=VDD-3.3 Pin=U7-39
Added Pin To Net: NetName=VDD-3.3 Pin=U7-52
Added Pin To Net: NetName=VDD-3.3 Pin=U7-62
Added Pin To Net: NetName=VDD-3.3 Pin=U7-72
Added Pin To Net: NetName=VDD-3.3 Pin=U7-84
Added Pin To Net: NetName=VDD-3.3 Pin=U7-95
Added Pin To Net: NetName=VDD-3.3 Pin=U7-108
Added Pin To Net: NetName=VDD-3.3 Pin=U7-121
Added Pin To Net: NetName=VDD-3.3 Pin=U7-131
Added Pin To Net: NetName=VDD-3.3 Pin=U7-143
Added Pin To Net: NetName=VDD-3.3 Pin=U7-144
Added Pin To Net: NetName=VDD-3.3 Pin=U9-8
Added Pin To Net: NetName=VDD-3.3 Pin=U10-2
Added Pin To Net: NetName=VDD-3.3 Pin=U11-1
Added Pin To Net: NetName=VDD-3.3 Pin=U11-2
Added Net: Name=VDD-3.3
Added Pin To Net: NetName=VDDA Pin=C39-2
Added Pin To Net: NetName=VDDA Pin=L7-2
Added Pin To Net: NetName=VDDA Pin=U7-32
Added Pin To Net: NetName=VDDA Pin=U7-33
Added Net: Name=VDDA
Added Pin To Net: NetName=W_CLK1 Pin=U2-7
Added Pin To Net: NetName=W_CLK1 Pin=U3-3
Added Net: Name=W_CLK1
Added Pin To Net: NetName=W_CLK2 Pin=U3-9
Added Pin To Net: NetName=W_CLK2 Pin=U6-7
Added Net: Name=W_CLK2
Added Class: Name=U_AD9851_2
Added Class: Name=U_AD9851
Added Class: Name=U_MCU
Added Class: Name=U_Module
Added Class: Name=U_Power
Added Room: Name=U_AD9851
Added Room: Name=U_AD9851_2
Added Room: Name=U_MCU
Added Room: Name=U_Module
Added Room: Name=U_Power
