Removed Pin From Net: NetName=NetU3_14 Pin=U7-7
Removed Pin From Net: NetName=NetU3_15 Pin=U7-10
Removed Pin From Net: NetName=NetU3_16 Pin=U7-11
Removed Pin From Net: NetName=NetU3_17 Pin=U7-12
Removed Pin From Net: NetName=NetU3_18 Pin=U7-13
Removed Pin From Net: NetName=NetU3_19 Pin=U7-14
Removed Pin From Net: NetName=NetU3_20 Pin=U7-15
Removed Pin From Net: NetName=NetU3_21 Pin=U7-18
Added Pin To Net: NetName=NetU3_21 Pin=U7-7
Added Pin To Net: NetName=NetU3_20 Pin=U7-10
Added Pin To Net: NetName=NetU3_19 Pin=U7-11
Added Pin To Net: NetName=NetU3_18 Pin=U7-12
Added Pin To Net: NetName=NetU3_17 Pin=U7-13
Added Pin To Net: NetName=NetU3_16 Pin=U7-14
Added Pin To Net: NetName=NetU3_15 Pin=U7-15
Added Pin To Net: NetName=NetU3_14 Pin=U7-18
Added Room: Name=U_AD9851
Added Room: Name=U_AD9851_2
Added Room: Name=U_MCU
Added Room: Name=U_Module
Added Room: Name=U_Power
