Added Component: Designator=C63(0603)
Added Component: Designator=C64(0603)
Added Component: Designator=C65(0603)
Added Component: Designator=C66(0603)
Added Component: Designator=C67(0603)
Added Component: Designator=C68(0603)
Added Component: Designator=C69(0603)
Added Component: Designator=C70(0603)
Added Pin To Net: NetName=GND Pin=C63-1
Added Pin To Net: NetName=A1 Pin=C63-2
Added Pin To Net: NetName=GND Pin=C64-1
Added Pin To Net: NetName=B1 Pin=C64-2
Added Pin To Net: NetName=GND Pin=C65-1
Added Pin To Net: NetName=A2 Pin=C65-2
Added Pin To Net: NetName=GND Pin=C66-1
Added Pin To Net: NetName=B2 Pin=C66-2
Added Pin To Net: NetName=GND Pin=C67-1
Added Pin To Net: NetName=A3 Pin=C67-2
Added Pin To Net: NetName=GND Pin=C68-1
Added Pin To Net: NetName=B3 Pin=C68-2
Added Pin To Net: NetName=GND Pin=C69-1
Added Pin To Net: NetName=A4 Pin=C69-2
Added Pin To Net: NetName=GND Pin=C70-1
Added Pin To Net: NetName=B4 Pin=C70-2
Added Member To Class: ClassName=U_Module Member=Component C63 Capacitor-0603
Added Member To Class: ClassName=U_Module Member=Component C64 Capacitor-0603
Added Member To Class: ClassName=U_Module Member=Component C65 Capacitor-0603
Added Member To Class: ClassName=U_Module Member=Component C66 Capacitor-0603
Added Member To Class: ClassName=U_Module Member=Component C67 Capacitor-0603
Added Member To Class: ClassName=U_Module Member=Component C68 Capacitor-0603
Added Member To Class: ClassName=U_Module Member=Component C69 Capacitor-0603
Added Member To Class: ClassName=U_Module Member=Component C70 Capacitor-0603
