Removed Pin From Net: NetName=W_CLK1 Pin=U3-3
Removed Pin From Net: NetName=RESET1 Pin=U3-4
Removed Pin From Net: NetName=FQ_UD1 Pin=U3-5
Removed Pin From Net: NetName=U/D\ Pin=U3-7
Removed Pin From Net: NetName=C\S\ Pin=U3-8
Removed Pin From Net: NetName=W_CLK2 Pin=U3-9
Removed Pin From Net: NetName=FQ_UD2 Pin=U3-10
Removed Pin From Net: NetName=NetU3_21 Pin=U7-7
Removed Pin From Net: NetName=NetU3_20 Pin=U7-10
Removed Pin From Net: NetName=NetU3_19 Pin=U7-11
Removed Pin From Net: NetName=NetU3_17 Pin=U7-13
Removed Pin From Net: NetName=NetU3_16 Pin=U7-14
Removed Pin From Net: NetName=NetU3_15 Pin=U7-15
Removed Pin From Net: NetName=NetU3_14 Pin=U7-18
Added Pin To Net: NetName=W_CLK2 Pin=U3-3
Added Pin To Net: NetName=FQ_UD2 Pin=U3-4
Added Pin To Net: NetName=U/D\ Pin=U3-5
Added Pin To Net: NetName=C\S\ Pin=U3-7
Added Pin To Net: NetName=RESET1 Pin=U3-8
Added Pin To Net: NetName=FQ_UD1 Pin=U3-9
Added Pin To Net: NetName=W_CLK1 Pin=U3-10
Added Pin To Net: NetName=NetU3_14 Pin=U7-7
Added Pin To Net: NetName=NetU3_16 Pin=U7-10
Added Pin To Net: NetName=NetU3_15 Pin=U7-11
Added Pin To Net: NetName=NetU3_19 Pin=U7-13
Added Pin To Net: NetName=NetU3_17 Pin=U7-14
Added Pin To Net: NetName=NetU3_21 Pin=U7-15
Added Pin To Net: NetName=NetU3_20 Pin=U7-18
